<?xml version="1.0" encoding="UTF-8"?>
<!-- Generated by org.testng.reporters.JUnitReportReporter -->
<testsuite skipped="0" hostname="Ujjals-MacBook-Air-2.local" name="TestCase.LoginTest" tests="1" failures="0" timestamp="08 Feb 2022 14:10:02 GMT" time="5.762" errors="0">
  <testcase name="verify_login" time="5.762" classname="TestCase.LoginTest"/>
</testsuite> <!-- TestCase.LoginTest -->
