<?xml version="1.0" encoding="UTF-8"?>
<!-- Generated by org.testng.reporters.JUnitReportReporter -->
<testsuite skipped="0" hostname="Ujjals-MacBook-Air-2.local" name="TestCase.MenuCreationTest" tests="1" failures="0" timestamp="08 Feb 2022 14:10:02 GMT" time="2.950" errors="0">
  <testcase name="createMenu" time="2.950" classname="TestCase.MenuCreationTest"/>
</testsuite> <!-- TestCase.MenuCreationTest -->
